# JRE version: OpenJDK Runtime Environment (21.0.5+11) (build 21.0.5+11-Ubuntu-1ubuntu124.10)
# Java VM: OpenJDK 64-Bit Server VM (21.0.5+11-Ubuntu-1ubuntu124.10, mixed mode, sharing, tiered, compressed oops, compressed class ptrs, g1 gc, linux-amd64)
GC Precious Log:
 CardTable entry size: 512
 Card Set container configuration: InlinePtr #cards 4 size 8 Array Of Cards #cards 32 size 80 Howl #buckets 8 coarsen threshold 7372 Howl Bitmap #cards 1024 size 144 coarsen threshold 921 Card regions per heap region 1 cards per card region 8192
 CPUs: 16 total, 16 available
 Memory: 22893M
 Large Page Support: Disabled
 NUMA Support: Disabled
 Compressed Oops: Enabled (Zero based)
 Heap Region Size: 4M
 Heap Min Capacity: 8M
 Heap Initial Capacity: 360M
 Heap Max Capacity: 5724M
 Pre-touch: Disabled
 Parallel Workers: 13
 Concurrent Workers: 3
 Concurrent Refinement Workers: 13
 Periodic GC: Disabled
Heap:
 garbage-first heap   total 110592K, used 71753K [0x000000069a400000, 0x0000000800000000)
  region size 4096K, 18 young (73728K), 6 survivors (24576K)
 Metaspace       used 27813K, committed 28160K, reserved 1114112K
  class space    used 3030K, committed 3200K, reserved 1048576K
GC Heap History (6 events):
Event: 0,488 GC heap before
{Heap before GC invocations=0 (full 0):
 garbage-first heap   total 372736K, used 21553K [0x000000069a400000, 0x0000000800000000)
  region size 4096K, 5 young (20480K), 0 survivors (0K)
 Metaspace       used 6097K, committed 6208K, reserved 1114112K
  class space    used 667K, committed 704K, reserved 1048576K
}
Event: 0,490 GC heap after
{Heap after GC invocations=1 (full 0):
 garbage-first heap   total 372736K, used 4597K [0x000000069a400000, 0x0000000800000000)
  region size 4096K, 1 young (4096K), 1 survivors (4096K)
 Metaspace       used 6097K, committed 6208K, reserved 1114112K
  class space    used 667K, committed 704K, reserved 1048576K
}
Event: 0,849 GC heap before
{Heap before GC invocations=1 (full 0):
 garbage-first heap   total 372736K, used 33269K [0x000000069a400000, 0x0000000800000000)
  region size 4096K, 8 young (32768K), 1 survivors (4096K)
 Metaspace       used 9695K, committed 9856K, reserved 1114112K
  class space    used 1115K, committed 1216K, reserved 1048576K
}
Event: 0,851 GC heap after
{Heap after GC invocations=2 (full 0):
 garbage-first heap   total 372736K, used 5867K [0x000000069a400000, 0x0000000800000000)
  region size 4096K, 1 young (4096K), 1 survivors (4096K)
 Metaspace       used 9695K, committed 9856K, reserved 1114112K
  class space    used 1115K, committed 1216K, reserved 1048576K
}
Event: 2,444 GC heap before
{Heap before GC invocations=2 (full 0):
 garbage-first heap   total 372736K, used 177899K [0x000000069a400000, 0x0000000800000000)
  region size 4096K, 37 young (151552K), 1 survivors (4096K)
 Metaspace       used 21182K, committed 21504K, reserved 1114112K
  class space    used 2311K, committed 2496K, reserved 1048576K
}
Event: 2,453 GC heap after
{Heap after GC invocations=3 (full 0):
 garbage-first heap   total 372736K, used 26697K [0x000000069a400000, 0x0000000800000000)
  region size 4096K, 6 young (24576K), 6 survivors (24576K)
 Metaspace       used 21182K, committed 21504K, reserved 1114112K
  class space    used 2311K, committed 2496K, reserved 1048576K
}

